2022-12-13 08:36:19.232 [info] Reading sessions from keychain...
2022-12-13 08:36:19.250 [info] Getting sessions for user:email...
2022-12-13 08:36:19.250 [info] Getting sessions for codespace,read:user,repo,user:email...
2022-12-13 08:36:19.250 [info] Getting sessions for all scopes...
2022-12-13 08:36:19.269 [info] Got stored sessions!
2022-12-13 08:36:19.269 [info] Got 3 verified sessions.
2022-12-13 08:36:19.269 [info] Got 1 sessions for user:email...
2022-12-13 08:36:19.270 [info] Got 1 sessions for codespace,read:user,repo,user:email...
2022-12-13 08:36:19.270 [info] Got 3 sessions for ...
2022-12-13 08:36:20.795 [info] Getting sessions for read:user,repo,user:email,workflow...
2022-12-13 08:36:20.801 [info] Got 1 sessions for read:user,repo,user:email,workflow...
2022-12-13 08:36:40.553 [info] Reading sessions from keychain...
2022-12-13 08:36:40.554 [info] Got stored sessions!
2022-12-13 08:36:40.554 [info] Got 3 verified sessions.
2022-12-13 08:36:40.554 [info] Getting sessions for all scopes...
2022-12-13 08:36:40.554 [info] Got 3 sessions for ...
2022-12-13 08:36:40.554 [info] Getting sessions for user:email...
2022-12-13 08:36:40.554 [info] Got 1 sessions for user:email...
2022-12-13 08:36:40.554 [info] Getting sessions for codespace,read:user,repo,user:email...
2022-12-13 08:36:40.554 [info] Got 1 sessions for codespace,read:user,repo,user:email...
2022-12-13 08:36:41.763 [info] Getting sessions for read:user,repo,user:email,workflow...
2022-12-13 08:36:41.763 [info] Got 1 sessions for read:user,repo,user:email,workflow...
2022-12-13 08:36:56.777 [info] Reading sessions from keychain...
2022-12-13 08:36:56.777 [info] Getting sessions for user:email...
2022-12-13 08:36:56.777 [info] Getting sessions for codespace,read:user,repo,user:email...
2022-12-13 08:36:56.777 [info] Got stored sessions!
2022-12-13 08:36:56.777 [info] Got 3 verified sessions.
2022-12-13 08:36:56.777 [info] Got 1 sessions for user:email...
2022-12-13 08:36:56.777 [info] Got 1 sessions for codespace,read:user,repo,user:email...
2022-12-13 08:36:56.777 [info] Getting sessions for all scopes...
2022-12-13 08:36:56.777 [info] Got 3 sessions for ...
2022-12-13 08:36:57.333 [info] Getting sessions for read:user,repo,user:email,workflow...
2022-12-13 08:36:57.333 [info] Got 1 sessions for read:user,repo,user:email,workflow...
