2022-12-13 08:36:17.942 [info] Added views:workbench.panel.markers.view in workbench.panel.markers
2022-12-13 08:36:17.942 [info] Added views:workbench.panel.output in workbench.panel.output
2022-12-13 08:36:17.942 [info] Added views:terminal in terminal
2022-12-13 08:36:17.942 [info] Added views:outline in workbench.view.explorer
2022-12-13 08:36:17.942 [info] Added views:workbench.scm in workbench.view.scm
2022-12-13 08:36:17.942 [info] Added views:workbench.view.search in workbench.view.search
2022-12-13 08:36:17.942 [info] Added views:timeline in workbench.view.explorer
2022-12-13 08:36:17.942 [info] Added views:workbench.explorer.emptyView in workbench.view.explorer
2022-12-13 08:36:17.942 [info] Added views:workbench.debug.variablesView,workbench.debug.watchExpressionsView,workbench.debug.callStackView,workbench.debug.breakPointsView in workbench.view.debug
2022-12-13 08:36:18.518 [info] Added views:github.codespaces.explorer in workbench.view.remote
2022-12-13 08:36:18.519 [info] Added views:mongoDBConnectionExplorer,mongoDBPlaygroundsExplorer,mongoDBHelpExplorer in workbench.view.extension.mongoDB
2022-12-13 08:36:18.521 [info] Added views:cell-tag in workbench.view.extension.jupyter
2022-12-13 08:36:18.521 [info] Added views:targetsContainers,devVolumes in workbench.view.remote
2022-12-13 08:36:18.774 [info] Added views:workbench.panel.repl.view in workbench.panel.repl
2022-12-13 08:36:18.774 [info] Removed views:workbench.debug.breakPointsView,workbench.debug.callStackView,workbench.debug.watchExpressionsView,workbench.debug.variablesView from workbench.view.debug
2022-12-13 08:36:18.775 [info] Added views:workbench.debug.welcome in workbench.view.debug
2022-12-13 08:36:20.498 [info] Added views:petsView in workbench.view.explorer
2022-12-13 08:36:20.773 [info] Added views:liveshare.session,liveshare.contacts in workbench.view.extension.liveshare
2022-12-13 08:36:28.046 [info] Added views:workbench.views.extensions.installed,workbench.views.extensions.popular,extensions.recommendedList in workbench.view.extensions
2022-12-13 08:36:28.046 [info] Removed views:workbench.views.extensions.popular from workbench.view.extensions
2022-12-13 08:36:39.584 [info] Added views:workbench.panel.markers.view in workbench.panel.markers
2022-12-13 08:36:39.584 [info] Added views:workbench.panel.output in workbench.panel.output
2022-12-13 08:36:39.584 [info] Added views:terminal in terminal
2022-12-13 08:36:39.584 [info] Added views:outline in workbench.view.explorer
2022-12-13 08:36:39.584 [info] Added views:workbench.scm in workbench.view.scm
2022-12-13 08:36:39.584 [info] Added views:workbench.view.search in workbench.view.search
2022-12-13 08:36:39.584 [info] Added views:timeline in workbench.view.explorer
2022-12-13 08:36:39.584 [info] Added views:workbench.explorer.fileView in workbench.view.explorer
2022-12-13 08:36:39.584 [info] Added views:workbench.debug.variablesView,workbench.debug.watchExpressionsView,workbench.debug.callStackView,workbench.debug.breakPointsView in workbench.view.debug
2022-12-13 08:36:39.849 [info] Added views:github.codespaces.explorer in workbench.view.remote
2022-12-13 08:36:39.852 [info] Added views:targetsContainers,devVolumes in workbench.view.remote
2022-12-13 08:36:40.208 [info] Added views:workbench.panel.repl.view in workbench.panel.repl
2022-12-13 08:36:40.209 [info] Removed views:workbench.debug.breakPointsView,workbench.debug.callStackView,workbench.debug.watchExpressionsView,workbench.debug.variablesView from workbench.view.debug
2022-12-13 08:36:40.210 [info] Added views:workbench.debug.welcome in workbench.view.debug
2022-12-13 08:36:41.751 [info] Added views:liveshare.session,liveshare.contacts in workbench.view.extension.liveshare
2022-12-13 08:36:42.892 [info] Added views:mongoDBConnectionExplorer,mongoDBPlaygroundsExplorer,mongoDBHelpExplorer in workbench.view.extension.mongoDB
2022-12-13 08:36:42.892 [info] Added views:cell-tag in workbench.view.extension.jupyter
2022-12-13 08:36:43.069 [info] Added views:petsView in workbench.view.explorer
2022-12-13 08:36:55.123 [info] Added views:workbench.panel.markers.view in workbench.panel.markers
2022-12-13 08:36:55.124 [info] Added views:workbench.panel.output in workbench.panel.output
2022-12-13 08:36:55.124 [info] Added views:terminal in terminal
2022-12-13 08:36:55.124 [info] Added views:outline in workbench.view.explorer
2022-12-13 08:36:55.124 [info] Added views:workbench.scm in workbench.view.scm
2022-12-13 08:36:55.124 [info] Added views:workbench.view.search in workbench.view.search
2022-12-13 08:36:55.124 [info] Added views:timeline in workbench.view.explorer
2022-12-13 08:36:55.124 [info] Added views:workbench.explorer.fileView in workbench.view.explorer
2022-12-13 08:36:55.164 [info] Added views:workbench.debug.welcome in workbench.view.debug
2022-12-13 08:36:55.347 [info] Added views:github.codespaces.explorer in workbench.view.remote
2022-12-13 08:36:55.350 [info] Added views:mongoDBConnectionExplorer,mongoDBPlaygroundsExplorer,mongoDBHelpExplorer in workbench.view.extension.mongoDB
2022-12-13 08:36:55.350 [info] Added views:cell-tag in workbench.view.extension.jupyter
2022-12-13 08:36:55.350 [info] Added views:targetsContainers,devVolumes in workbench.view.remote
2022-12-13 08:36:55.617 [info] Added views:workbench.panel.repl.view in workbench.panel.repl
2022-12-13 08:36:57.220 [info] Added views:petsView in workbench.view.explorer
2022-12-13 08:36:57.314 [info] Added views:liveshare.session,liveshare.contacts in workbench.view.extension.liveshare
