2022-12-13 08:36:19.205 [info] Log level: Info
2022-12-13 08:36:19.205 [info] Validating found git in: "/opt/homebrew/bin/git"
2022-12-13 08:36:19.205 [info] Using git "2.37.3" from "/opt/homebrew/bin/git"
2022-12-13 08:36:43.070 [info] Log level: Info
2022-12-13 08:36:43.077 [info] Validating found git in: "/opt/homebrew/bin/git"
2022-12-13 08:36:43.087 [info] Using git "2.37.3" from "/opt/homebrew/bin/git"
2022-12-13 08:36:43.102 [info] > git rev-parse --show-toplevel [12ms]
2022-12-13 08:36:43.107 [info] > git rev-parse --git-dir --git-common-dir [5ms]
2022-12-13 08:36:43.110 [info] Open repository: /Users/benkaplan/ga_seir/daily_js_challenges
2022-12-13 08:36:43.119 [info] > git rev-parse --show-toplevel [7ms]
2022-12-13 08:36:43.121 [info] > git config --get commit.template [9ms]
2022-12-13 08:36:43.123 [info] > git rev-parse --show-toplevel [3ms]
2022-12-13 08:36:43.125 [info] > git for-each-ref --format=%(refname)%00%(upstream:short)%00%(objectname)%00%(upstream:track)%00%(upstream:remotename)%00%(upstream:remoteref) refs/heads/main refs/remotes/main [6ms]
2022-12-13 08:36:43.131 [info] > git for-each-ref --sort -committerdate --format %(refname) %(objectname) %(*objectname) [5ms]
2022-12-13 08:36:43.132 [info] > git status -z -uall [6ms]
2022-12-13 08:36:43.140 [info] > git config --get commit.template [4ms]
2022-12-13 08:36:43.156 [info] > git for-each-ref --format=%(refname)%00%(upstream:short)%00%(objectname)%00%(upstream:track)%00%(upstream:remotename)%00%(upstream:remoteref) refs/heads/main refs/remotes/main [17ms]
2022-12-13 08:36:43.169 [info] > git status -z -uall [10ms]
2022-12-13 08:36:43.170 [info] > git for-each-ref --sort -committerdate --format %(refname) %(objectname) %(*objectname) [7ms]
2022-12-13 08:36:43.669 [info] > git check-ignore -v -z --stdin [4ms]
2022-12-13 08:36:46.638 [info] > git ls-files --stage -- /Users/benkaplan/ga_seir/daily_js_challenges/challenges.js [24ms]
2022-12-13 08:36:46.648 [info] > git show --textconv :challenges.js [33ms]
2022-12-13 08:36:46.653 [info] > git cat-file -s 808db27a635084e036db583ba46dcb62dd6b2bfb [12ms]
2022-12-13 08:36:56.755 [info] Log level: Info
2022-12-13 08:36:56.755 [info] Validating found git in: "/opt/homebrew/bin/git"
2022-12-13 08:36:56.755 [info] Using git "2.37.3" from "/opt/homebrew/bin/git"
2022-12-13 08:36:56.755 [info] > git rev-parse --show-toplevel [46ms]
2022-12-13 08:36:56.755 [info] > git rev-parse --git-dir --git-common-dir [5ms]
2022-12-13 08:36:56.755 [info] Open repository: /Users/benkaplan/ga_seir/daily_js_challenges
2022-12-13 08:36:56.775 [info] > git config --get commit.template [18ms]
2022-12-13 08:36:56.775 [info] > git rev-parse --show-toplevel [714ms]
2022-12-13 08:36:56.781 [info] > git rev-parse --show-toplevel [5ms]
2022-12-13 08:36:56.789 [info] > git for-each-ref --format=%(refname)%00%(upstream:short)%00%(objectname)%00%(upstream:track)%00%(upstream:remotename)%00%(upstream:remoteref) refs/heads/main refs/remotes/main [10ms]
2022-12-13 08:36:56.791 [info] > git ls-files --stage -- /Users/benkaplan/ga_seir/daily_js_challenges/challenges.js [8ms]
2022-12-13 08:36:56.801 [info] > git show --textconv :challenges.js [18ms]
2022-12-13 08:36:56.804 [info] > git for-each-ref --sort -committerdate --format %(refname) %(objectname) %(*objectname) [13ms]
2022-12-13 08:36:56.805 [info] > git cat-file -s 808db27a635084e036db583ba46dcb62dd6b2bfb [13ms]
2022-12-13 08:36:56.805 [info] > git status -z -uall [15ms]
2022-12-13 08:36:56.817 [info] > git config --get commit.template [8ms]
2022-12-13 08:36:56.819 [info] > git for-each-ref --format=%(refname)%00%(upstream:short)%00%(objectname)%00%(upstream:track)%00%(upstream:remotename)%00%(upstream:remoteref) refs/heads/main refs/remotes/main [8ms]
2022-12-13 08:36:56.827 [info] > git status -z -uall [6ms]
2022-12-13 08:36:56.837 [info] > git for-each-ref --sort -committerdate --format %(refname) %(objectname) %(*objectname) [14ms]
2022-12-13 08:36:57.272 [info] > git check-ignore -v -z --stdin [4ms]
